2024-12-27 21:06:50,475 INFO o.a.j.u.JMeterUtils: Setting Locale to en_EN
2024-12-27 21:06:50,819 INFO o.a.j.JMeter: Loading user properties from: user.properties
2024-12-27 21:06:50,852 INFO o.a.j.JMeter: Loading system properties from: system.properties
2024-12-27 21:06:50,912 INFO o.a.j.JMeter: Copyright (c) 1998-2024 The Apache Software Foundation
2024-12-27 21:06:50,912 INFO o.a.j.JMeter: Version 5.6.3
2024-12-27 21:06:50,913 INFO o.a.j.JMeter: java.version=17.0.6
2024-12-27 21:06:50,913 INFO o.a.j.JMeter: java.vm.name=Java HotSpot(TM) 64-Bit Server VM
2024-12-27 21:06:50,913 INFO o.a.j.JMeter: os.name=Windows 11
2024-12-27 21:06:50,913 INFO o.a.j.JMeter: os.arch=amd64
2024-12-27 21:06:50,913 INFO o.a.j.JMeter: os.version=10.0
2024-12-27 21:06:50,927 INFO o.a.j.JMeter: file.encoding=Cp1252
2024-12-27 21:06:50,927 INFO o.a.j.JMeter: java.awt.headless=null
2024-12-27 21:06:50,927 INFO o.a.j.JMeter: Max memory     =1073741824
2024-12-27 21:06:50,927 INFO o.a.j.JMeter: Available Processors =8
2024-12-27 21:06:50,941 INFO o.a.j.JMeter: Default Locale=English (EN)
2024-12-27 21:06:50,941 INFO o.a.j.JMeter: JMeter  Locale=English (EN)
2024-12-27 21:06:50,941 INFO o.a.j.JMeter: JMeterHome=F:\Desktop\Books\Placement Materials\Microservices Projects\My microservice project\apache-jmeter-5.6.3
2024-12-27 21:06:50,941 INFO o.a.j.JMeter: user.dir  =F:\Desktop\Books\Placement Materials\Microservices Projects\My microservice project\apache-jmeter-5.6.3\bin
2024-12-27 21:06:50,943 INFO o.a.j.JMeter: PWD       =F:\Desktop\Books\Placement Materials\Microservices Projects\My microservice project\apache-jmeter-5.6.3\bin
2024-12-27 21:06:50,971 INFO o.a.j.JMeter: IP: 192.168.0.107 Name: DESKTOP-CS74THN FullName: host.docker.internal
2024-12-27 21:06:51,583 INFO o.a.j.JMeter: Loaded icon properties from org/apache/jmeter/images/icon.properties
2024-12-27 21:06:58,951 INFO o.a.j.JMeterGuiLauncher: Setting LAF to: com.github.weisj.darklaf.DarkLaf:com.github.weisj.darklaf.theme.DarculaTheme
2024-12-27 21:08:43,400 INFO o.a.j.p.h.s.HTTPSamplerBase: Parser for text/html is org.apache.jmeter.protocol.http.parser.LagartoBasedHtmlParser
2024-12-27 21:08:43,403 INFO o.a.j.p.h.s.HTTPSamplerBase: Parser for application/xhtml+xml is org.apache.jmeter.protocol.http.parser.LagartoBasedHtmlParser
2024-12-27 21:08:43,403 INFO o.a.j.p.h.s.HTTPSamplerBase: Parser for application/xml is org.apache.jmeter.protocol.http.parser.LagartoBasedHtmlParser
2024-12-27 21:08:43,403 INFO o.a.j.p.h.s.HTTPSamplerBase: Parser for text/xml is org.apache.jmeter.protocol.http.parser.LagartoBasedHtmlParser
2024-12-27 21:08:43,404 INFO o.a.j.p.h.s.HTTPSamplerBase: Parser for text/vnd.wap.wml is org.apache.jmeter.protocol.http.parser.RegexpHTMLParser
2024-12-27 21:08:43,404 INFO o.a.j.p.h.s.HTTPSamplerBase: Parser for text/css is org.apache.jmeter.protocol.http.parser.CssParser
2024-12-27 21:14:34,338 INFO o.a.j.s.SampleResult: Note: Sample TimeStamps are START times
2024-12-27 21:14:34,338 INFO o.a.j.s.SampleResult: sampleresult.default.encoding is set to UTF-8
2024-12-27 21:14:34,338 INFO o.a.j.s.SampleResult: sampleresult.useNanoTime=true
2024-12-27 21:14:34,338 INFO o.a.j.s.SampleResult: sampleresult.nanoThreadSleep=5000
2024-12-27 21:15:21,309 INFO o.a.j.s.FileServer: Default base='F:\Desktop\Books\Placement Materials\Microservices Projects\My microservice project\apache-jmeter-5.6.3\bin'
2024-12-27 21:15:21,310 INFO o.a.j.s.FileServer: Set new base='F:\Desktop\Books\Placement Materials\Microservices Projects\My microservice project\apache-jmeter-5.6.3\bin'
2024-12-27 21:15:22,017 INFO o.a.j.s.SaveService: Testplan (JMX) version: 2.2. Testlog (JTL) version: 2.2
2024-12-27 21:15:22,201 INFO o.a.j.s.SaveService: Using SaveService properties version 5.0
2024-12-27 21:15:22,206 INFO o.a.j.s.SaveService: Using SaveService properties file encoding UTF-8
2024-12-27 21:15:22,396 INFO o.a.j.e.StandardJMeterEngine: Running the test!
2024-12-27 21:15:22,397 INFO o.a.j.s.SampleEvent: List of sample_variables: []
2024-12-27 21:15:22,397 INFO o.a.j.s.SampleEvent: List of sample_variables: []
2024-12-27 21:15:22,398 INFO o.a.j.e.u.CompoundVariable: Note: Function class names must contain the string: '.functions.'
2024-12-27 21:15:22,398 INFO o.a.j.e.u.CompoundVariable: Note: Function class names must not contain the string: '.gui.'
2024-12-27 21:15:22,702 INFO o.a.j.g.u.JMeterMenuBar: setRunning(true, *local*)
2024-12-27 21:15:22,763 INFO o.a.j.e.StandardJMeterEngine: Starting ThreadGroup: 1 : Thread Group
2024-12-27 21:15:22,764 INFO o.a.j.e.StandardJMeterEngine: Starting 15 threads for group Thread Group.
2024-12-27 21:15:22,764 INFO o.a.j.e.StandardJMeterEngine: Thread will continue on error
2024-12-27 21:15:22,764 INFO o.a.j.t.ThreadGroup: Starting thread group... number=1 threads=15 ramp-up=1 delayedStart=false
2024-12-27 21:15:22,779 INFO o.a.j.t.JMeterThread: Thread started: Thread Group 1-1
2024-12-27 21:15:22,786 INFO o.a.j.t.ThreadGroup: Started thread group number 1
2024-12-27 21:15:22,786 INFO o.a.j.e.StandardJMeterEngine: All thread groups have been started
2024-12-27 21:15:22,838 INFO o.a.j.t.JMeterThread: Thread started: Thread Group 1-2
2024-12-27 21:15:22,914 INFO o.a.j.t.JMeterThread: Thread started: Thread Group 1-3
2024-12-27 21:15:22,976 INFO o.a.j.t.JMeterThread: Thread started: Thread Group 1-4
2024-12-27 21:15:23,039 INFO o.a.j.t.JMeterThread: Thread started: Thread Group 1-5
2024-12-27 21:15:23,078 INFO o.a.j.p.h.s.HTTPHCAbstractImpl: Local host = DESKTOP-CS74THN
2024-12-27 21:15:23,101 INFO o.a.j.t.JMeterThread: Thread started: Thread Group 1-6
2024-12-27 21:15:23,180 INFO o.a.j.t.JMeterThread: Thread started: Thread Group 1-7
2024-12-27 21:15:23,182 INFO o.a.j.p.h.s.HTTPHC4Impl: HTTP request retry count = 0
2024-12-27 21:15:23,243 INFO o.a.j.t.JMeterThread: Thread started: Thread Group 1-8
2024-12-27 21:15:23,305 INFO o.a.j.t.JMeterThread: Thread started: Thread Group 1-9
2024-12-27 21:15:23,382 INFO o.a.j.t.JMeterThread: Thread started: Thread Group 1-10
2024-12-27 21:15:23,445 INFO o.a.j.t.JMeterThread: Thread started: Thread Group 1-11
2024-12-27 21:15:23,507 INFO o.a.j.t.JMeterThread: Thread started: Thread Group 1-12
2024-12-27 21:15:23,584 INFO o.a.j.t.JMeterThread: Thread started: Thread Group 1-13
2024-12-27 21:15:23,645 INFO o.a.j.t.JMeterThread: Thread started: Thread Group 1-14
2024-12-27 21:15:23,708 INFO o.a.j.t.JMeterThread: Thread started: Thread Group 1-15
2024-12-27 21:15:24,379 INFO o.a.j.t.JMeterThread: Thread is done: Thread Group 1-2
2024-12-27 21:15:24,379 INFO o.a.j.t.JMeterThread: Thread is done: Thread Group 1-9
2024-12-27 21:15:24,379 INFO o.a.j.t.JMeterThread: Thread finished: Thread Group 1-9
2024-12-27 21:15:24,379 INFO o.a.j.t.JMeterThread: Thread finished: Thread Group 1-2
2024-12-27 21:15:24,985 INFO o.a.j.t.JMeterThread: Thread is done: Thread Group 1-10
2024-12-27 21:15:24,985 INFO o.a.j.t.JMeterThread: Thread finished: Thread Group 1-10
2024-12-27 21:15:25,022 INFO o.a.j.t.JMeterThread: Thread is done: Thread Group 1-8
2024-12-27 21:15:25,022 INFO o.a.j.t.JMeterThread: Thread finished: Thread Group 1-8
2024-12-27 21:15:25,928 INFO o.a.j.t.JMeterThread: Thread is done: Thread Group 1-6
2024-12-27 21:15:25,929 INFO o.a.j.t.JMeterThread: Thread finished: Thread Group 1-6
2024-12-27 21:15:25,932 INFO o.a.j.t.JMeterThread: Thread is done: Thread Group 1-11
2024-12-27 21:15:25,932 INFO o.a.j.t.JMeterThread: Thread finished: Thread Group 1-11
2024-12-27 21:15:25,933 INFO o.a.j.t.JMeterThread: Thread is done: Thread Group 1-1
2024-12-27 21:15:25,933 INFO o.a.j.t.JMeterThread: Thread finished: Thread Group 1-1
2024-12-27 21:15:25,935 INFO o.a.j.t.JMeterThread: Thread is done: Thread Group 1-3
2024-12-27 21:15:25,935 INFO o.a.j.t.JMeterThread: Thread finished: Thread Group 1-3
2024-12-27 21:15:25,936 INFO o.a.j.t.JMeterThread: Thread is done: Thread Group 1-12
2024-12-27 21:15:25,936 INFO o.a.j.t.JMeterThread: Thread finished: Thread Group 1-12
2024-12-27 21:15:25,940 INFO o.a.j.t.JMeterThread: Thread is done: Thread Group 1-4
2024-12-27 21:15:25,940 INFO o.a.j.t.JMeterThread: Thread finished: Thread Group 1-4
2024-12-27 21:15:25,941 INFO o.a.j.t.JMeterThread: Thread is done: Thread Group 1-15
2024-12-27 21:15:25,941 INFO o.a.j.t.JMeterThread: Thread finished: Thread Group 1-15
2024-12-27 21:15:25,944 INFO o.a.j.t.JMeterThread: Thread is done: Thread Group 1-13
2024-12-27 21:15:25,944 INFO o.a.j.t.JMeterThread: Thread finished: Thread Group 1-13
2024-12-27 21:15:25,948 INFO o.a.j.t.JMeterThread: Thread is done: Thread Group 1-14
2024-12-27 21:15:25,948 INFO o.a.j.t.JMeterThread: Thread finished: Thread Group 1-14
2024-12-27 21:15:25,950 INFO o.a.j.t.JMeterThread: Thread is done: Thread Group 1-5
2024-12-27 21:15:25,950 INFO o.a.j.t.JMeterThread: Thread finished: Thread Group 1-5
2024-12-27 21:15:25,952 INFO o.a.j.t.JMeterThread: Thread is done: Thread Group 1-7
2024-12-27 21:15:25,952 INFO o.a.j.t.JMeterThread: Thread finished: Thread Group 1-7
2024-12-27 21:15:25,954 INFO o.a.j.e.StandardJMeterEngine: Notifying test listeners of end of test
2024-12-27 21:15:25,954 INFO o.a.j.g.u.JMeterMenuBar: setRunning(false, *local*)
2024-12-27 21:16:44,648 INFO o.a.j.e.StandardJMeterEngine: Running the test!
2024-12-27 21:16:44,649 INFO o.a.j.s.SampleEvent: List of sample_variables: []
2024-12-27 21:16:44,650 INFO o.a.j.g.u.JMeterMenuBar: setRunning(true, *local*)
2024-12-27 21:16:44,682 INFO o.a.j.e.StandardJMeterEngine: Starting ThreadGroup: 1 : Thread Group
2024-12-27 21:16:44,682 INFO o.a.j.e.StandardJMeterEngine: Starting 15 threads for group Thread Group.
2024-12-27 21:16:44,683 INFO o.a.j.e.StandardJMeterEngine: Thread will continue on error
2024-12-27 21:16:44,683 INFO o.a.j.t.ThreadGroup: Starting thread group... number=1 threads=15 ramp-up=1 delayedStart=false
2024-12-27 21:16:44,684 INFO o.a.j.t.JMeterThread: Thread started: Thread Group 1-1
2024-12-27 21:16:44,687 INFO o.a.j.t.ThreadGroup: Started thread group number 1
2024-12-27 21:16:44,687 INFO o.a.j.e.StandardJMeterEngine: All thread groups have been started
2024-12-27 21:16:44,702 INFO o.a.j.t.JMeterThread: Thread is done: Thread Group 1-1
2024-12-27 21:16:44,702 INFO o.a.j.t.JMeterThread: Thread finished: Thread Group 1-1
2024-12-27 21:16:44,752 INFO o.a.j.t.JMeterThread: Thread started: Thread Group 1-2
2024-12-27 21:16:44,765 INFO o.a.j.t.JMeterThread: Thread is done: Thread Group 1-2
2024-12-27 21:16:44,765 INFO o.a.j.t.JMeterThread: Thread finished: Thread Group 1-2
2024-12-27 21:16:44,819 INFO o.a.j.t.JMeterThread: Thread started: Thread Group 1-3
2024-12-27 21:16:44,887 INFO o.a.j.t.JMeterThread: Thread started: Thread Group 1-4
2024-12-27 21:16:44,953 INFO o.a.j.t.JMeterThread: Thread started: Thread Group 1-5
2024-12-27 21:16:45,021 INFO o.a.j.t.JMeterThread: Thread started: Thread Group 1-6
2024-12-27 21:16:45,087 INFO o.a.j.t.JMeterThread: Thread started: Thread Group 1-7
2024-12-27 21:16:45,154 INFO o.a.j.t.JMeterThread: Thread started: Thread Group 1-8
2024-12-27 21:16:45,170 INFO o.a.j.t.JMeterThread: Thread is done: Thread Group 1-3
2024-12-27 21:16:45,170 INFO o.a.j.t.JMeterThread: Thread is done: Thread Group 1-4
2024-12-27 21:16:45,171 INFO o.a.j.t.JMeterThread: Thread finished: Thread Group 1-4
2024-12-27 21:16:45,171 INFO o.a.j.t.JMeterThread: Thread finished: Thread Group 1-3
2024-12-27 21:16:45,221 INFO o.a.j.t.JMeterThread: Thread started: Thread Group 1-9
2024-12-27 21:16:45,290 INFO o.a.j.t.JMeterThread: Thread started: Thread Group 1-10
2024-12-27 21:16:45,357 INFO o.a.j.t.JMeterThread: Thread started: Thread Group 1-11
2024-12-27 21:16:45,422 INFO o.a.j.t.JMeterThread: Thread started: Thread Group 1-12
2024-12-27 21:16:45,490 INFO o.a.j.t.JMeterThread: Thread started: Thread Group 1-13
2024-12-27 21:16:45,555 INFO o.a.j.t.JMeterThread: Thread started: Thread Group 1-14
2024-12-27 21:16:45,624 INFO o.a.j.t.JMeterThread: Thread started: Thread Group 1-15
2024-12-27 21:16:46,978 INFO o.a.j.t.JMeterThread: Thread is done: Thread Group 1-5
2024-12-27 21:16:46,978 INFO o.a.j.t.JMeterThread: Thread finished: Thread Group 1-5
2024-12-27 21:16:47,038 INFO o.a.j.t.JMeterThread: Thread is done: Thread Group 1-6
2024-12-27 21:16:47,039 INFO o.a.j.t.JMeterThread: Thread finished: Thread Group 1-6
2024-12-27 21:16:47,107 INFO o.a.j.t.JMeterThread: Thread is done: Thread Group 1-7
2024-12-27 21:16:47,107 INFO o.a.j.t.JMeterThread: Thread finished: Thread Group 1-7
2024-12-27 21:16:47,177 INFO o.a.j.t.JMeterThread: Thread is done: Thread Group 1-8
2024-12-27 21:16:47,177 INFO o.a.j.t.JMeterThread: Thread finished: Thread Group 1-8
2024-12-27 21:16:47,239 INFO o.a.j.t.JMeterThread: Thread is done: Thread Group 1-9
2024-12-27 21:16:47,239 INFO o.a.j.t.JMeterThread: Thread finished: Thread Group 1-9
2024-12-27 21:16:47,300 INFO o.a.j.t.JMeterThread: Thread is done: Thread Group 1-10
2024-12-27 21:16:47,301 INFO o.a.j.t.JMeterThread: Thread finished: Thread Group 1-10
2024-12-27 21:16:47,382 INFO o.a.j.t.JMeterThread: Thread is done: Thread Group 1-11
2024-12-27 21:16:47,383 INFO o.a.j.t.JMeterThread: Thread finished: Thread Group 1-11
2024-12-27 21:16:47,446 INFO o.a.j.t.JMeterThread: Thread is done: Thread Group 1-12
2024-12-27 21:16:47,447 INFO o.a.j.t.JMeterThread: Thread finished: Thread Group 1-12
2024-12-27 21:16:47,511 INFO o.a.j.t.JMeterThread: Thread is done: Thread Group 1-13
2024-12-27 21:16:47,511 INFO o.a.j.t.JMeterThread: Thread finished: Thread Group 1-13
2024-12-27 21:16:47,568 INFO o.a.j.t.JMeterThread: Thread is done: Thread Group 1-14
2024-12-27 21:16:47,568 INFO o.a.j.t.JMeterThread: Thread finished: Thread Group 1-14
2024-12-27 21:16:47,647 INFO o.a.j.t.JMeterThread: Thread is done: Thread Group 1-15
2024-12-27 21:16:47,648 INFO o.a.j.t.JMeterThread: Thread finished: Thread Group 1-15
2024-12-27 21:16:47,648 INFO o.a.j.e.StandardJMeterEngine: Notifying test listeners of end of test
2024-12-27 21:16:47,648 INFO o.a.j.g.u.JMeterMenuBar: setRunning(false, *local*)
2024-12-27 21:17:28,005 INFO o.a.j.e.StandardJMeterEngine: Running the test!
2024-12-27 21:17:28,006 INFO o.a.j.s.SampleEvent: List of sample_variables: []
2024-12-27 21:17:28,007 INFO o.a.j.g.u.JMeterMenuBar: setRunning(true, *local*)
2024-12-27 21:17:28,040 INFO o.a.j.e.StandardJMeterEngine: Starting ThreadGroup: 1 : Thread Group
2024-12-27 21:17:28,040 INFO o.a.j.e.StandardJMeterEngine: Starting 15 threads for group Thread Group.
2024-12-27 21:17:28,040 INFO o.a.j.e.StandardJMeterEngine: Thread will continue on error
2024-12-27 21:17:28,040 INFO o.a.j.t.ThreadGroup: Starting thread group... number=1 threads=15 ramp-up=1 delayedStart=false
2024-12-27 21:17:28,041 INFO o.a.j.t.JMeterThread: Thread started: Thread Group 1-1
2024-12-27 21:17:28,045 INFO o.a.j.t.ThreadGroup: Started thread group number 1
2024-12-27 21:17:28,045 INFO o.a.j.e.StandardJMeterEngine: All thread groups have been started
2024-12-27 21:17:28,110 INFO o.a.j.t.JMeterThread: Thread started: Thread Group 1-2
2024-12-27 21:17:28,175 INFO o.a.j.t.JMeterThread: Thread started: Thread Group 1-3
2024-12-27 21:17:28,243 INFO o.a.j.t.JMeterThread: Thread started: Thread Group 1-4
2024-12-27 21:17:28,310 INFO o.a.j.t.JMeterThread: Thread started: Thread Group 1-5
2024-12-27 21:17:28,376 INFO o.a.j.t.JMeterThread: Thread started: Thread Group 1-6
2024-12-27 21:17:28,444 INFO o.a.j.t.JMeterThread: Thread started: Thread Group 1-7
2024-12-27 21:17:28,510 INFO o.a.j.t.JMeterThread: Thread started: Thread Group 1-8
2024-12-27 21:17:28,577 INFO o.a.j.t.JMeterThread: Thread started: Thread Group 1-9
2024-12-27 21:17:28,644 INFO o.a.j.t.JMeterThread: Thread started: Thread Group 1-10
2024-12-27 21:17:28,711 INFO o.a.j.t.JMeterThread: Thread started: Thread Group 1-11
2024-12-27 21:17:28,782 INFO o.a.j.t.JMeterThread: Thread started: Thread Group 1-12
2024-12-27 21:17:28,846 INFO o.a.j.t.JMeterThread: Thread started: Thread Group 1-13
2024-12-27 21:17:28,913 INFO o.a.j.t.JMeterThread: Thread started: Thread Group 1-14
2024-12-27 21:17:28,981 INFO o.a.j.t.JMeterThread: Thread started: Thread Group 1-15
2024-12-27 21:17:30,328 INFO o.a.j.t.JMeterThread: Thread is done: Thread Group 1-5
2024-12-27 21:17:30,328 INFO o.a.j.t.JMeterThread: Thread finished: Thread Group 1-5
2024-12-27 21:17:30,385 INFO o.a.j.t.JMeterThread: Thread is done: Thread Group 1-6
2024-12-27 21:17:30,385 INFO o.a.j.t.JMeterThread: Thread finished: Thread Group 1-6
2024-12-27 21:17:30,463 INFO o.a.j.t.JMeterThread: Thread is done: Thread Group 1-7
2024-12-27 21:17:30,464 INFO o.a.j.t.JMeterThread: Thread finished: Thread Group 1-7
2024-12-27 21:17:30,523 INFO o.a.j.t.JMeterThread: Thread is done: Thread Group 1-8
2024-12-27 21:17:30,523 INFO o.a.j.t.JMeterThread: Thread finished: Thread Group 1-8
2024-12-27 21:17:30,587 INFO o.a.j.t.JMeterThread: Thread is done: Thread Group 1-9
2024-12-27 21:17:30,587 INFO o.a.j.t.JMeterThread: Thread finished: Thread Group 1-9
2024-12-27 21:17:30,665 INFO o.a.j.t.JMeterThread: Thread is done: Thread Group 1-10
2024-12-27 21:17:30,665 INFO o.a.j.t.JMeterThread: Thread finished: Thread Group 1-10
2024-12-27 21:17:30,727 INFO o.a.j.t.JMeterThread: Thread is done: Thread Group 1-11
2024-12-27 21:17:30,728 INFO o.a.j.t.JMeterThread: Thread finished: Thread Group 1-11
2024-12-27 21:17:30,806 INFO o.a.j.t.JMeterThread: Thread is done: Thread Group 1-12
2024-12-27 21:17:30,807 INFO o.a.j.t.JMeterThread: Thread finished: Thread Group 1-12
2024-12-27 21:17:30,863 INFO o.a.j.t.JMeterThread: Thread is done: Thread Group 1-13
2024-12-27 21:17:30,864 INFO o.a.j.t.JMeterThread: Thread finished: Thread Group 1-13
2024-12-27 21:17:30,930 INFO o.a.j.t.JMeterThread: Thread is done: Thread Group 1-14
2024-12-27 21:17:30,931 INFO o.a.j.t.JMeterThread: Thread finished: Thread Group 1-14
2024-12-27 21:17:30,990 INFO o.a.j.t.JMeterThread: Thread is done: Thread Group 1-15
2024-12-27 21:17:30,990 INFO o.a.j.t.JMeterThread: Thread finished: Thread Group 1-15
2024-12-27 21:18:29,317 INFO o.a.j.t.JMeterThread: Thread is done: Thread Group 1-2
2024-12-27 21:18:29,317 INFO o.a.j.t.JMeterThread: Thread is done: Thread Group 1-4
2024-12-27 21:18:29,317 INFO o.a.j.t.JMeterThread: Thread finished: Thread Group 1-2
2024-12-27 21:18:29,317 INFO o.a.j.t.JMeterThread: Thread finished: Thread Group 1-4
2024-12-27 21:18:29,321 INFO o.a.j.t.JMeterThread: Thread is done: Thread Group 1-3
2024-12-27 21:18:29,321 INFO o.a.j.t.JMeterThread: Thread finished: Thread Group 1-3
2024-12-27 21:18:29,323 INFO o.a.j.t.JMeterThread: Thread is done: Thread Group 1-1
2024-12-27 21:18:29,324 INFO o.a.j.t.JMeterThread: Thread finished: Thread Group 1-1
2024-12-27 21:18:29,324 INFO o.a.j.e.StandardJMeterEngine: Notifying test listeners of end of test
2024-12-27 21:18:29,325 INFO o.a.j.g.u.JMeterMenuBar: setRunning(false, *local*)
2024-12-27 21:27:24,869 INFO o.a.j.e.StandardJMeterEngine: Running the test!
2024-12-27 21:27:24,916 INFO o.a.j.s.SampleEvent: List of sample_variables: []
2024-12-27 21:27:24,920 INFO o.a.j.g.u.JMeterMenuBar: setRunning(true, *local*)
2024-12-27 21:27:25,456 INFO o.a.j.e.StandardJMeterEngine: Starting ThreadGroup: 1 : Thread Group
2024-12-27 21:27:25,456 INFO o.a.j.e.StandardJMeterEngine: Starting 15 threads for group Thread Group.
2024-12-27 21:27:25,456 INFO o.a.j.e.StandardJMeterEngine: Thread will continue on error
2024-12-27 21:27:25,459 INFO o.a.j.t.ThreadGroup: Starting thread group... number=1 threads=15 ramp-up=1 delayedStart=false
2024-12-27 21:27:25,468 INFO o.a.j.t.JMeterThread: Thread started: Thread Group 1-1
2024-12-27 21:27:25,495 INFO o.a.j.t.ThreadGroup: Started thread group number 1
2024-12-27 21:27:25,495 INFO o.a.j.e.StandardJMeterEngine: All thread groups have been started
2024-12-27 21:27:25,537 INFO o.a.j.t.JMeterThread: Thread started: Thread Group 1-2
2024-12-27 21:27:25,604 INFO o.a.j.t.JMeterThread: Thread started: Thread Group 1-3
2024-12-27 21:27:25,671 INFO o.a.j.t.JMeterThread: Thread started: Thread Group 1-4
2024-12-27 21:27:25,737 INFO o.a.j.t.JMeterThread: Thread started: Thread Group 1-5
2024-12-27 21:27:25,805 INFO o.a.j.t.JMeterThread: Thread started: Thread Group 1-6
2024-12-27 21:27:25,873 INFO o.a.j.t.JMeterThread: Thread started: Thread Group 1-7
2024-12-27 21:27:25,939 INFO o.a.j.t.JMeterThread: Thread started: Thread Group 1-8
2024-12-27 21:27:26,029 INFO o.a.j.t.JMeterThread: Thread started: Thread Group 1-9
2024-12-27 21:27:26,067 INFO o.a.j.t.JMeterThread: Thread started: Thread Group 1-10
2024-12-27 21:27:26,130 INFO o.a.j.t.JMeterThread: Thread started: Thread Group 1-11
2024-12-27 21:27:26,200 INFO o.a.j.t.JMeterThread: Thread started: Thread Group 1-12
2024-12-27 21:27:26,266 INFO o.a.j.t.JMeterThread: Thread started: Thread Group 1-13
2024-12-27 21:27:26,343 INFO o.a.j.t.JMeterThread: Thread started: Thread Group 1-14
2024-12-27 21:27:26,453 INFO o.a.j.t.JMeterThread: Thread started: Thread Group 1-15
2024-12-27 21:27:33,354 INFO o.a.j.t.JMeterThread: Thread is done: Thread Group 1-1
2024-12-27 21:27:33,355 INFO o.a.j.t.JMeterThread: Thread finished: Thread Group 1-1
2024-12-27 21:27:33,847 INFO o.a.j.t.JMeterThread: Thread is done: Thread Group 1-4
2024-12-27 21:27:33,847 INFO o.a.j.t.JMeterThread: Thread finished: Thread Group 1-4
2024-12-27 21:27:33,927 INFO o.a.j.t.JMeterThread: Thread is done: Thread Group 1-2
2024-12-27 21:27:33,927 INFO o.a.j.t.JMeterThread: Thread finished: Thread Group 1-2
2024-12-27 21:27:33,962 INFO o.a.j.t.JMeterThread: Thread is done: Thread Group 1-5
2024-12-27 21:27:33,962 INFO o.a.j.t.JMeterThread: Thread is done: Thread Group 1-6
2024-12-27 21:27:33,962 INFO o.a.j.t.JMeterThread: Thread finished: Thread Group 1-5
2024-12-27 21:27:33,962 INFO o.a.j.t.JMeterThread: Thread finished: Thread Group 1-6
2024-12-27 21:27:34,012 INFO o.a.j.t.JMeterThread: Thread is done: Thread Group 1-3
2024-12-27 21:27:34,013 INFO o.a.j.t.JMeterThread: Thread finished: Thread Group 1-3
2024-12-27 21:27:34,391 INFO o.a.j.t.JMeterThread: Thread is done: Thread Group 1-7
2024-12-27 21:27:34,392 INFO o.a.j.t.JMeterThread: Thread finished: Thread Group 1-7
2024-12-27 21:27:34,427 INFO o.a.j.t.JMeterThread: Thread is done: Thread Group 1-8
2024-12-27 21:27:34,427 INFO o.a.j.t.JMeterThread: Thread finished: Thread Group 1-8
2024-12-27 21:27:38,574 INFO o.a.j.t.JMeterThread: Thread is done: Thread Group 1-10
2024-12-27 21:27:38,575 INFO o.a.j.t.JMeterThread: Thread finished: Thread Group 1-10
2024-12-27 21:27:38,778 INFO o.a.j.t.JMeterThread: Thread is done: Thread Group 1-9
2024-12-27 21:27:38,779 INFO o.a.j.t.JMeterThread: Thread finished: Thread Group 1-9
2024-12-27 21:27:42,520 INFO o.a.j.t.JMeterThread: Thread is done: Thread Group 1-11
2024-12-27 21:27:42,520 INFO o.a.j.t.JMeterThread: Thread finished: Thread Group 1-11
2024-12-27 21:27:42,719 INFO o.a.j.t.JMeterThread: Thread is done: Thread Group 1-12
2024-12-27 21:27:42,719 INFO o.a.j.t.JMeterThread: Thread finished: Thread Group 1-12
2024-12-27 21:27:46,498 INFO o.a.j.t.JMeterThread: Thread is done: Thread Group 1-14
2024-12-27 21:27:46,498 INFO o.a.j.t.JMeterThread: Thread finished: Thread Group 1-14
2024-12-27 21:27:46,542 INFO o.a.j.t.JMeterThread: Thread is done: Thread Group 1-13
2024-12-27 21:27:46,542 INFO o.a.j.t.JMeterThread: Thread finished: Thread Group 1-13
2024-12-27 21:27:50,394 INFO o.a.j.t.JMeterThread: Thread is done: Thread Group 1-15
2024-12-27 21:27:50,394 INFO o.a.j.t.JMeterThread: Thread finished: Thread Group 1-15
2024-12-27 21:27:50,394 INFO o.a.j.e.StandardJMeterEngine: Notifying test listeners of end of test
2024-12-27 21:27:50,395 INFO o.a.j.g.u.JMeterMenuBar: setRunning(false, *local*)
2024-12-27 21:30:17,111 INFO o.a.j.e.StandardJMeterEngine: Running the test!
2024-12-27 21:30:17,114 INFO o.a.j.s.SampleEvent: List of sample_variables: []
2024-12-27 21:30:17,115 INFO o.a.j.g.u.JMeterMenuBar: setRunning(true, *local*)
2024-12-27 21:30:17,280 INFO o.a.j.e.StandardJMeterEngine: Starting ThreadGroup: 1 : Thread Group
2024-12-27 21:30:17,280 INFO o.a.j.e.StandardJMeterEngine: Starting 15 threads for group Thread Group.
2024-12-27 21:30:17,281 INFO o.a.j.e.StandardJMeterEngine: Thread will continue on error
2024-12-27 21:30:17,281 INFO o.a.j.t.ThreadGroup: Starting thread group... number=1 threads=15 ramp-up=1 delayedStart=false
2024-12-27 21:30:17,282 INFO o.a.j.t.JMeterThread: Thread started: Thread Group 1-1
2024-12-27 21:30:17,345 INFO o.a.j.t.ThreadGroup: Started thread group number 1
2024-12-27 21:30:17,345 INFO o.a.j.e.StandardJMeterEngine: All thread groups have been started
2024-12-27 21:30:17,366 INFO o.a.j.t.JMeterThread: Thread started: Thread Group 1-2
2024-12-27 21:30:17,431 INFO o.a.j.t.JMeterThread: Thread started: Thread Group 1-3
2024-12-27 21:30:17,496 INFO o.a.j.t.JMeterThread: Thread started: Thread Group 1-4
2024-12-27 21:30:17,565 INFO o.a.j.t.JMeterThread: Thread started: Thread Group 1-5
2024-12-27 21:30:17,633 INFO o.a.j.t.JMeterThread: Thread started: Thread Group 1-6
2024-12-27 21:30:17,747 INFO o.a.j.t.JMeterThread: Thread started: Thread Group 1-7
2024-12-27 21:30:17,816 INFO o.a.j.t.JMeterThread: Thread started: Thread Group 1-8
2024-12-27 21:30:17,882 INFO o.a.j.t.JMeterThread: Thread started: Thread Group 1-9
2024-12-27 21:30:17,948 INFO o.a.j.t.JMeterThread: Thread started: Thread Group 1-10
2024-12-27 21:30:18,015 INFO o.a.j.t.JMeterThread: Thread started: Thread Group 1-11
2024-12-27 21:30:18,082 INFO o.a.j.t.JMeterThread: Thread started: Thread Group 1-12
2024-12-27 21:30:18,201 INFO o.a.j.t.JMeterThread: Thread started: Thread Group 1-13
2024-12-27 21:30:18,268 INFO o.a.j.t.JMeterThread: Thread started: Thread Group 1-14
2024-12-27 21:30:18,276 INFO o.a.j.t.JMeterThread: Thread started: Thread Group 1-15
2024-12-27 21:30:19,022 INFO o.a.j.t.JMeterThread: Thread is done: Thread Group 1-2
2024-12-27 21:30:19,022 INFO o.a.j.t.JMeterThread: Thread finished: Thread Group 1-2
2024-12-27 21:30:19,104 INFO o.a.j.t.JMeterThread: Thread is done: Thread Group 1-3
2024-12-27 21:30:19,104 INFO o.a.j.t.JMeterThread: Thread finished: Thread Group 1-3
2024-12-27 21:30:19,453 INFO o.a.j.t.JMeterThread: Thread is done: Thread Group 1-1
2024-12-27 21:30:19,454 INFO o.a.j.t.JMeterThread: Thread finished: Thread Group 1-1
2024-12-27 21:30:19,524 INFO o.a.j.t.JMeterThread: Thread is done: Thread Group 1-4
2024-12-27 21:30:19,524 INFO o.a.j.t.JMeterThread: Thread finished: Thread Group 1-4
2024-12-27 21:30:19,707 INFO o.a.j.t.JMeterThread: Thread is done: Thread Group 1-5
2024-12-27 21:30:19,707 INFO o.a.j.t.JMeterThread: Thread finished: Thread Group 1-5
2024-12-27 21:30:19,709 INFO o.a.j.t.JMeterThread: Thread is done: Thread Group 1-6
2024-12-27 21:30:19,709 INFO o.a.j.t.JMeterThread: Thread finished: Thread Group 1-6
2024-12-27 21:30:19,770 INFO o.a.j.t.JMeterThread: Thread is done: Thread Group 1-7
2024-12-27 21:30:19,770 INFO o.a.j.t.JMeterThread: Thread finished: Thread Group 1-7
2024-12-27 21:30:19,832 INFO o.a.j.t.JMeterThread: Thread is done: Thread Group 1-8
2024-12-27 21:30:19,832 INFO o.a.j.t.JMeterThread: Thread finished: Thread Group 1-8
2024-12-27 21:30:19,895 INFO o.a.j.t.JMeterThread: Thread is done: Thread Group 1-9
2024-12-27 21:30:19,896 INFO o.a.j.t.JMeterThread: Thread finished: Thread Group 1-9
2024-12-27 21:30:20,093 INFO o.a.j.t.JMeterThread: Thread is done: Thread Group 1-12
2024-12-27 21:30:20,093 INFO o.a.j.t.JMeterThread: Thread finished: Thread Group 1-12
2024-12-27 21:30:20,219 INFO o.a.j.t.JMeterThread: Thread is done: Thread Group 1-13
2024-12-27 21:30:20,219 INFO o.a.j.t.JMeterThread: Thread finished: Thread Group 1-13
2024-12-27 21:30:20,284 INFO o.a.j.t.JMeterThread: Thread is done: Thread Group 1-14
2024-12-27 21:30:20,284 INFO o.a.j.t.JMeterThread: Thread finished: Thread Group 1-14
2024-12-27 21:30:20,401 INFO o.a.j.t.JMeterThread: Thread is done: Thread Group 1-15
2024-12-27 21:30:20,401 INFO o.a.j.t.JMeterThread: Thread finished: Thread Group 1-15
2024-12-27 21:30:20,457 INFO o.a.j.t.JMeterThread: Thread is done: Thread Group 1-10
2024-12-27 21:30:20,457 INFO o.a.j.t.JMeterThread: Thread finished: Thread Group 1-10
2024-12-27 21:30:21,705 INFO o.a.j.t.JMeterThread: Thread is done: Thread Group 1-11
2024-12-27 21:30:21,705 INFO o.a.j.t.JMeterThread: Thread finished: Thread Group 1-11
2024-12-27 21:30:21,706 INFO o.a.j.e.StandardJMeterEngine: Notifying test listeners of end of test
2024-12-27 21:30:21,706 INFO o.a.j.g.u.JMeterMenuBar: setRunning(false, *local*)
